2023-07-02 13:00:05 | ERROR | This Route is not defined
2023-07-03 22:33:00 | INFO | Ts
2023-07-03 22:33:02 | INFO | Tes
2023-07-03 22:33:06 | INFO | Test on server file
2023-07-04 01:35:27 | INFO | Test on server file
2023-07-04 01:40:25 | INFO | Test on server file
2023-07-04 01:42:03 | INFO | Test on server file
2023-07-04 01:42:31 | INFO | Test on server file
2023-07-04 01:48:52 | INFO | Test on server file
2023-07-04 01:51:03 | INFO | Test on server file
2023-07-04 01:51:26 | INFO | Test on server file
2023-07-04 01:56:20 | INFO | Test on server file
2023-07-04 01:57:06 | INFO | Test on server file
2023-07-04 01:59:40 | INFO | Test on server file
2023-07-04 02:00:36 | INFO | Test on server file
2023-07-04 02:16:00 | INFO | Test on server file
2023-07-04 02:19:18 | INFO | Test on server file
2023-07-04 02:20:49 | INFO | Test on server file
2023-07-04 02:22:56 | INFO | Test on server file
2023-07-04 02:24:10 | INFO | Test on server file
2023-07-04 02:26:08 | INFO | Test on server file
2023-07-04 02:26:30 | INFO | Test on server file
2023-07-04 02:41:15 | INFO | Test on server file
2023-07-04 02:45:25 | INFO | Test on server file
2023-07-04 04:49:59 | INFO | Test on server file
2023-07-04 04:59:02 | INFO | Test on server file
2023-07-04 05:08:50 | INFO | Test on server file
2023-07-04 05:09:15 | INFO | Test on server file
2023-07-04 05:10:19 | INFO | Test on server file
2023-07-04 05:13:04 | INFO | Test on server file
2023-07-04 05:13:31 | INFO | Test on server file
2023-07-04 05:27:10 | INFO | Test on server file
2023-07-04 05:35:54 | INFO | Test on server file
2023-07-04 05:38:21 | INFO | Test on server file
2023-07-04 05:40:20 | INFO | Test on server file
2023-07-04 05:41:06 | INFO | Test on server file
2023-07-04 05:43:49 | INFO | Test on server file
2023-07-04 05:45:44 | INFO | Test on server file
2023-07-04 05:47:16 | INFO | Test on server file
2023-07-04 05:48:04 | INFO | Test on server file
2023-07-04 05:49:49 | INFO | Test on server file
2023-07-04 05:52:18 | INFO | Test on server file
2023-07-04 05:57:21 | INFO | Test on server file
2023-07-04 06:01:47 | INFO | Test on server file
2023-07-04 06:03:53 | INFO | Test on server file
2023-07-04 06:05:10 | INFO | Test on server file
2023-07-04 06:07:03 | INFO | Test on server file
2023-07-04 06:07:21 | INFO | Test on server file
2023-07-04 06:10:32 | INFO | Test on server file
2023-07-04 06:11:38 | INFO | Test on server file
2023-07-04 06:12:53 | INFO | Test on server file
2023-07-04 06:15:05 | INFO | Test on server file
2023-07-04 06:16:24 | INFO | Test on server file
2023-07-04 06:16:50 | INFO | Test on server file
2023-07-04 06:18:15 | INFO | Test on server file
2023-07-04 06:19:33 | INFO | Test on server file
2023-07-04 06:23:17 | INFO | Test on server file
2023-07-04 07:35:02 | INFO | Test on server file
2023-07-04 07:53:58 | INFO | Test on server file
2023-07-04 07:54:48 | INFO | Test on server file
2023-07-05 02:40:47 | INFO | Test on server file
2023-07-05 02:53:29 | INFO | Test on server file
2023-07-05 03:01:09 | INFO | Test on server file
2023-07-05 03:05:52 | INFO | Test on server file
2023-07-05 03:15:40 | INFO | Test on server file
2023-07-05 03:19:22 | INFO | Test on server file
2023-07-05 03:25:33 | INFO | Test on server file
2023-07-05 03:30:11 | INFO | Test on server file
2023-07-05 03:31:06 | INFO | Test on server file
2023-07-05 03:33:25 | INFO | Test on server file
2023-07-05 03:42:51 | INFO | Test on server file
2023-07-05 03:45:50 | INFO | Test on server file
2023-07-05 03:51:49 | INFO | Test on server file
2023-07-05 03:52:14 | INFO | Test on server file
2023-07-05 04:01:20 | INFO | Test on server file
2023-07-05 05:34:13 | INFO | Test on server file
2023-07-05 06:10:00 | INFO | Test on server file
2023-07-05 06:12:21 | INFO | Test on server file
2023-07-05 06:12:53 | INFO | Test on server file
2023-07-05 06:20:28 | INFO | Test on server file
2023-07-05 06:21:34 | INFO | Test on server file
2023-07-05 06:25:33 | INFO | Test on server file
2023-07-05 07:12:36 | INFO | Test on server file
